c:\users\arshad\onedrive\documentos\programming\nst-prog20\0810_programacao_c_c++_avancada\versoes_projectos\ufcd0810_projetocompleto_v10\ufcd0810_projetocompleto\x64\debug\vc143.pdb
c:\users\arshad\onedrive\documentos\programming\nst-prog20\0810_programacao_c_c++_avancada\versoes_projectos\ufcd0810_projetocompleto_v10\ufcd0810_projetocompleto\x64\debug\vc143.idb
c:\users\arshad\onedrive\documentos\programming\nst-prog20\0810_programacao_c_c++_avancada\versoes_projectos\ufcd0810_projetocompleto_v10\ufcd0810_projetocompleto\x64\debug\fornecedor.obj
c:\users\arshad\onedrive\documentos\programming\nst-prog20\0810_programacao_c_c++_avancada\versoes_projectos\ufcd0810_projetocompleto_v10\ufcd0810_projetocompleto\x64\debug\encomenda.obj
c:\users\arshad\onedrive\documentos\programming\nst-prog20\0810_programacao_c_c++_avancada\versoes_projectos\ufcd0810_projetocompleto_v10\ufcd0810_projetocompleto\x64\debug\080928_01lojatenis_04main.obj
c:\users\arshad\onedrive\documentos\programming\nst-prog20\0810_programacao_c_c++_avancada\versoes_projectos\ufcd0810_projetocompleto_v10\ufcd0810_projetocompleto\x64\debug\080928_01tenis_02classetenis.obj
c:\users\arshad\onedrive\documentos\programming\nst-prog20\0810_programacao_c_c++_avancada\versoes_projectos\ufcd0810_projetocompleto_v10\ufcd0810_projetocompleto\x64\debug\080928_01tenis_01fcomuns.obj
c:\users\arshad\onedrive\documentos\programming\nst-prog20\0810_programacao_c_c++_avancada\versoes_projectos\ufcd0810_projetocompleto_v10\ufcd0810_projetocompleto\x64\debug\ufcd0810_projetocompleto.ilk
c:\users\arshad\onedrive\documentos\programming\nst-prog20\0810_programacao_c_c++_avancada\versoes_projectos\ufcd0810_projetocompleto_v10\ufcd0810_projetocompleto\x64\debug\080928_01lojatenis_04main.obj.enc
c:\users\arshad\onedrive\documentos\programming\nst-prog20\0810_programacao_c_c++_avancada\versoes_projectos\ufcd0810_projetocompleto_v10\ufcd0810_projetocompleto\x64\debug\080928_01tenis_01fcomuns.obj.enc
c:\users\arshad\onedrive\documentos\programming\nst-prog20\0810_programacao_c_c++_avancada\versoes_projectos\ufcd0810_projetocompleto_v10\ufcd0810_projetocompleto\x64\debug\080928_01tenis_02classetenis.obj.enc
c:\users\arshad\onedrive\documentos\programming\nst-prog20\0810_programacao_c_c++_avancada\versoes_projectos\ufcd0810_projetocompleto_v10\x64\debug\ufcd0810_projetocompleto.pdb
c:\users\arshad\onedrive\documentos\programming\nst-prog20\0810_programacao_c_c++_avancada\versoes_projectos\ufcd0810_projetocompleto_v10\ufcd0810_projetocompleto\x64\debug\ufcd0810.6bbfc425.tlog\cl.command.1.tlog
c:\users\arshad\onedrive\documentos\programming\nst-prog20\0810_programacao_c_c++_avancada\versoes_projectos\ufcd0810_projetocompleto_v10\ufcd0810_projetocompleto\x64\debug\ufcd0810.6bbfc425.tlog\cl.items.tlog
c:\users\arshad\onedrive\documentos\programming\nst-prog20\0810_programacao_c_c++_avancada\versoes_projectos\ufcd0810_projetocompleto_v10\ufcd0810_projetocompleto\x64\debug\ufcd0810.6bbfc425.tlog\cl.read.1.tlog
c:\users\arshad\onedrive\documentos\programming\nst-prog20\0810_programacao_c_c++_avancada\versoes_projectos\ufcd0810_projetocompleto_v10\ufcd0810_projetocompleto\x64\debug\ufcd0810.6bbfc425.tlog\cl.write.1.tlog
c:\users\arshad\onedrive\documentos\programming\nst-prog20\0810_programacao_c_c++_avancada\versoes_projectos\ufcd0810_projetocompleto_v10\ufcd0810_projetocompleto\x64\debug\ufcd0810.6bbfc425.tlog\link-cvtres.read.1.tlog
c:\users\arshad\onedrive\documentos\programming\nst-prog20\0810_programacao_c_c++_avancada\versoes_projectos\ufcd0810_projetocompleto_v10\ufcd0810_projetocompleto\x64\debug\ufcd0810.6bbfc425.tlog\link-cvtres.write.1.tlog
c:\users\arshad\onedrive\documentos\programming\nst-prog20\0810_programacao_c_c++_avancada\versoes_projectos\ufcd0810_projetocompleto_v10\ufcd0810_projetocompleto\x64\debug\ufcd0810.6bbfc425.tlog\link-rc.read.1.tlog
c:\users\arshad\onedrive\documentos\programming\nst-prog20\0810_programacao_c_c++_avancada\versoes_projectos\ufcd0810_projetocompleto_v10\ufcd0810_projetocompleto\x64\debug\ufcd0810.6bbfc425.tlog\link-rc.write.1.tlog
c:\users\arshad\onedrive\documentos\programming\nst-prog20\0810_programacao_c_c++_avancada\versoes_projectos\ufcd0810_projetocompleto_v10\ufcd0810_projetocompleto\x64\debug\ufcd0810.6bbfc425.tlog\link.4972-cvtres.read.1.tlog
c:\users\arshad\onedrive\documentos\programming\nst-prog20\0810_programacao_c_c++_avancada\versoes_projectos\ufcd0810_projetocompleto_v10\ufcd0810_projetocompleto\x64\debug\ufcd0810.6bbfc425.tlog\link.4972-cvtres.write.1.tlog
c:\users\arshad\onedrive\documentos\programming\nst-prog20\0810_programacao_c_c++_avancada\versoes_projectos\ufcd0810_projetocompleto_v10\ufcd0810_projetocompleto\x64\debug\ufcd0810.6bbfc425.tlog\link.4972-rc.read.1.tlog
c:\users\arshad\onedrive\documentos\programming\nst-prog20\0810_programacao_c_c++_avancada\versoes_projectos\ufcd0810_projetocompleto_v10\ufcd0810_projetocompleto\x64\debug\ufcd0810.6bbfc425.tlog\link.4972-rc.write.1.tlog
c:\users\arshad\onedrive\documentos\programming\nst-prog20\0810_programacao_c_c++_avancada\versoes_projectos\ufcd0810_projetocompleto_v10\ufcd0810_projetocompleto\x64\debug\ufcd0810.6bbfc425.tlog\link.4972.read.1.tlog
c:\users\arshad\onedrive\documentos\programming\nst-prog20\0810_programacao_c_c++_avancada\versoes_projectos\ufcd0810_projetocompleto_v10\ufcd0810_projetocompleto\x64\debug\ufcd0810.6bbfc425.tlog\link.4972.read.2.tlog
c:\users\arshad\onedrive\documentos\programming\nst-prog20\0810_programacao_c_c++_avancada\versoes_projectos\ufcd0810_projetocompleto_v10\ufcd0810_projetocompleto\x64\debug\ufcd0810.6bbfc425.tlog\link.4972.write.1.tlog
c:\users\arshad\onedrive\documentos\programming\nst-prog20\0810_programacao_c_c++_avancada\versoes_projectos\ufcd0810_projetocompleto_v10\ufcd0810_projetocompleto\x64\debug\ufcd0810.6bbfc425.tlog\link.command.1.tlog
c:\users\arshad\onedrive\documentos\programming\nst-prog20\0810_programacao_c_c++_avancada\versoes_projectos\ufcd0810_projetocompleto_v10\ufcd0810_projetocompleto\x64\debug\ufcd0810.6bbfc425.tlog\link.read.1.tlog
c:\users\arshad\onedrive\documentos\programming\nst-prog20\0810_programacao_c_c++_avancada\versoes_projectos\ufcd0810_projetocompleto_v10\ufcd0810_projetocompleto\x64\debug\ufcd0810.6bbfc425.tlog\link.read.2.tlog
c:\users\arshad\onedrive\documentos\programming\nst-prog20\0810_programacao_c_c++_avancada\versoes_projectos\ufcd0810_projetocompleto_v10\ufcd0810_projetocompleto\x64\debug\ufcd0810.6bbfc425.tlog\link.secondary.1.tlog
c:\users\arshad\onedrive\documentos\programming\nst-prog20\0810_programacao_c_c++_avancada\versoes_projectos\ufcd0810_projetocompleto_v10\ufcd0810_projetocompleto\x64\debug\ufcd0810.6bbfc425.tlog\link.write.1.tlog
